{
  "uid" : "31fbabefb562db3c",
  "name" : "Change profile name",
  "fullName" : "tests.feature_profile_test.TestProfileFeature#test_change_profile_name",
  "historyId" : "42b4a115007c35c622675a0baedb491a",
  "time" : {
    "start" : 1717765737896,
    "stop" : 1717765758552,
    "duration" : 20656
  },
  "status" : "broken",
  "statusMessage" : "selenium.common.exceptions.TimeoutException: Message:",
  "statusTrace" : "self = <feature_profile_test.TestProfileFeature object at 0x7fa5a6175850>\n\n    @allure.title(\"Change profile name\")\n    @allure.severity(\"Critical\")\n    @pytest.mark.smoke\n    def test_change_profile_name(self):\n        self.login_page.open()\n        self.login_page.enter_login(self.data.LOGIN)\n        self.login_page.enter_password(self.data.PASSWORD)\n        self.login_page.click_submit_button()\n        self.dashboard_page.is_opened()\n        self.dashboard_page.click_my_info_link()\n        self.personal_page.is_opened()\n        self.personal_page.chenge_name(f\"Aston {random.randint(10,100)}\")\n        self.personal_page.save_changes()\n>       self.personal_page.is_changes_saved()\n\ntests/feature_profile_test.py:22: \n_ _ _ _ _ _ _ _ _ _ _ _ _ _ _ _ _ _ _ _ _ _ _ _ _ _ _ _ _ _ _ _ _ _ _ _ _ _ _ _ \npages/personal_page.py:31: in is_changes_saved\n    self.wait.until(EC.text_to_be_present_in_element_value(self.FIRST_NAME_FIELD, self.name))\n_ _ _ _ _ _ _ _ _ _ _ _ _ _ _ _ _ _ _ _ _ _ _ _ _ _ _ _ _ _ _ _ _ _ _ _ _ _ _ _ \n\nself = <selenium.webdriver.support.wait.WebDriverWait (session=\"a2459bffb864cae66a9b63bb97bbb117\")>\nmethod = <function text_to_be_present_in_element_value.<locals>._predicate at 0x7fa5a57ab380>\nmessage = ''\n\n    def until(self, method: Callable[[D], Union[Literal[False], T]], message: str = \"\") -> T:\n        \"\"\"Calls the method provided with the driver as an argument until the \\\n        return value does not evaluate to ``False``.\n    \n        :param method: callable(WebDriver)\n        :param message: optional message for :exc:`TimeoutException`\n        :returns: the result of the last call to `method`\n        :raises: :exc:`selenium.common.exceptions.TimeoutException` if timeout occurs\n        \"\"\"\n        screen = None\n        stacktrace = None\n    \n        end_time = time.monotonic() + self._timeout\n        while True:\n            try:\n                value = method(self._driver)\n                if value:\n                    return value\n            except self._ignored_exceptions as exc:\n                screen = getattr(exc, \"screen\", None)\n                stacktrace = getattr(exc, \"stacktrace\", None)\n            time.sleep(self._poll)\n            if time.monotonic() > end_time:\n                break\n>       raise TimeoutException(message, screen, stacktrace)\nE       selenium.common.exceptions.TimeoutException: Message:\n\n../local/lib/python3.12/site-packages/selenium/webdriver/support/wait.py:105: TimeoutException",
  "flaky" : false,
  "newFailed" : false,
  "beforeStages" : [ {
    "name" : "driver",
    "time" : {
      "start" : 1717765737509,
      "stop" : 1717765737895,
      "duration" : 386
    },
    "status" : "passed",
    "steps" : [ ],
    "attachments" : [ ],
    "parameters" : [ ],
    "attachmentsCount" : 0,
    "shouldDisplayMessage" : false,
    "stepsCount" : 0,
    "hasContent" : false
  }, {
    "name" : "setup",
    "time" : {
      "start" : 1717765737895,
      "stop" : 1717765737895,
      "duration" : 0
    },
    "status" : "passed",
    "steps" : [ ],
    "attachments" : [ ],
    "parameters" : [ ],
    "attachmentsCount" : 0,
    "shouldDisplayMessage" : false,
    "stepsCount" : 0,
    "hasContent" : false
  } ],
  "testStage" : {
    "status" : "broken",
    "statusMessage" : "selenium.common.exceptions.TimeoutException: Message:",
    "statusTrace" : "self = <feature_profile_test.TestProfileFeature object at 0x7fa5a6175850>\n\n    @allure.title(\"Change profile name\")\n    @allure.severity(\"Critical\")\n    @pytest.mark.smoke\n    def test_change_profile_name(self):\n        self.login_page.open()\n        self.login_page.enter_login(self.data.LOGIN)\n        self.login_page.enter_password(self.data.PASSWORD)\n        self.login_page.click_submit_button()\n        self.dashboard_page.is_opened()\n        self.dashboard_page.click_my_info_link()\n        self.personal_page.is_opened()\n        self.personal_page.chenge_name(f\"Aston {random.randint(10,100)}\")\n        self.personal_page.save_changes()\n>       self.personal_page.is_changes_saved()\n\ntests/feature_profile_test.py:22: \n_ _ _ _ _ _ _ _ _ _ _ _ _ _ _ _ _ _ _ _ _ _ _ _ _ _ _ _ _ _ _ _ _ _ _ _ _ _ _ _ \npages/personal_page.py:31: in is_changes_saved\n    self.wait.until(EC.text_to_be_present_in_element_value(self.FIRST_NAME_FIELD, self.name))\n_ _ _ _ _ _ _ _ _ _ _ _ _ _ _ _ _ _ _ _ _ _ _ _ _ _ _ _ _ _ _ _ _ _ _ _ _ _ _ _ \n\nself = <selenium.webdriver.support.wait.WebDriverWait (session=\"a2459bffb864cae66a9b63bb97bbb117\")>\nmethod = <function text_to_be_present_in_element_value.<locals>._predicate at 0x7fa5a57ab380>\nmessage = ''\n\n    def until(self, method: Callable[[D], Union[Literal[False], T]], message: str = \"\") -> T:\n        \"\"\"Calls the method provided with the driver as an argument until the \\\n        return value does not evaluate to ``False``.\n    \n        :param method: callable(WebDriver)\n        :param message: optional message for :exc:`TimeoutException`\n        :returns: the result of the last call to `method`\n        :raises: :exc:`selenium.common.exceptions.TimeoutException` if timeout occurs\n        \"\"\"\n        screen = None\n        stacktrace = None\n    \n        end_time = time.monotonic() + self._timeout\n        while True:\n            try:\n                value = method(self._driver)\n                if value:\n                    return value\n            except self._ignored_exceptions as exc:\n                screen = getattr(exc, \"screen\", None)\n                stacktrace = getattr(exc, \"stacktrace\", None)\n            time.sleep(self._poll)\n            if time.monotonic() > end_time:\n                break\n>       raise TimeoutException(message, screen, stacktrace)\nE       selenium.common.exceptions.TimeoutException: Message:\n\n../local/lib/python3.12/site-packages/selenium/webdriver/support/wait.py:105: TimeoutException",
    "steps" : [ {
      "name" : "Open https://opensource-demo.orangehrmlive.com/web/index.php/auth/login page",
      "time" : {
        "start" : 1717765737896,
        "stop" : 1717765739350,
        "duration" : 1454
      },
      "status" : "passed",
      "steps" : [ ],
      "attachments" : [ ],
      "parameters" : [ ],
      "attachmentsCount" : 0,
      "shouldDisplayMessage" : false,
      "stepsCount" : 0,
      "hasContent" : false
    }, {
      "name" : "Enter login",
      "time" : {
        "start" : 1717765739350,
        "stop" : 1717765740404,
        "duration" : 1054
      },
      "status" : "passed",
      "steps" : [ ],
      "attachments" : [ ],
      "parameters" : [ {
        "name" : "login",
        "value" : "'Admin'"
      } ],
      "attachmentsCount" : 0,
      "shouldDisplayMessage" : false,
      "stepsCount" : 0,
      "hasContent" : true
    }, {
      "name" : "Enter password",
      "time" : {
        "start" : 1717765740405,
        "stop" : 1717765740469,
        "duration" : 64
      },
      "status" : "passed",
      "steps" : [ ],
      "attachments" : [ ],
      "parameters" : [ {
        "name" : "password",
        "value" : "'admin123'"
      } ],
      "attachmentsCount" : 0,
      "shouldDisplayMessage" : false,
      "stepsCount" : 0,
      "hasContent" : true
    }, {
      "name" : "Click submit_button",
      "time" : {
        "start" : 1717765740470,
        "stop" : 1717765740510,
        "duration" : 40
      },
      "status" : "passed",
      "steps" : [ ],
      "attachments" : [ ],
      "parameters" : [ ],
      "attachmentsCount" : 0,
      "shouldDisplayMessage" : false,
      "stepsCount" : 0,
      "hasContent" : false
    }, {
      "name" : "Open https://opensource-demo.orangehrmlive.com/web/index.php/dashboard/index is opened",
      "time" : {
        "start" : 1717765740510,
        "stop" : 1717765741504,
        "duration" : 994
      },
      "status" : "passed",
      "steps" : [ ],
      "attachments" : [ ],
      "parameters" : [ ],
      "attachmentsCount" : 0,
      "shouldDisplayMessage" : false,
      "stepsCount" : 0,
      "hasContent" : false
    }, {
      "name" : "Click on 'My Info' link",
      "time" : {
        "start" : 1717765741505,
        "stop" : 1717765743740,
        "duration" : 2235
      },
      "status" : "passed",
      "steps" : [ ],
      "attachments" : [ ],
      "parameters" : [ ],
      "attachmentsCount" : 0,
      "shouldDisplayMessage" : false,
      "stepsCount" : 0,
      "hasContent" : false
    }, {
      "name" : "Open https://opensource-demo.orangehrmlive.com/web/index.php/pim/viewPersonalDetails/empNumber/7 is opened",
      "time" : {
        "start" : 1717765743740,
        "stop" : 1717765743742,
        "duration" : 2
      },
      "status" : "passed",
      "steps" : [ ],
      "attachments" : [ ],
      "parameters" : [ ],
      "attachmentsCount" : 0,
      "shouldDisplayMessage" : false,
      "stepsCount" : 0,
      "hasContent" : false
    }, {
      "name" : "Change name on 'Aston 70'",
      "time" : {
        "start" : 1717765743742,
        "stop" : 1717765744831,
        "duration" : 1089
      },
      "status" : "passed",
      "steps" : [ ],
      "attachments" : [ ],
      "parameters" : [ ],
      "attachmentsCount" : 0,
      "shouldDisplayMessage" : false,
      "stepsCount" : 0,
      "hasContent" : false
    }, {
      "name" : "Save changes",
      "time" : {
        "start" : 1717765744831,
        "stop" : 1717765745419,
        "duration" : 588
      },
      "status" : "passed",
      "steps" : [ ],
      "attachments" : [ ],
      "parameters" : [ ],
      "attachmentsCount" : 0,
      "shouldDisplayMessage" : false,
      "stepsCount" : 0,
      "hasContent" : false
    }, {
      "name" : "Changes has been save",
      "time" : {
        "start" : 1717765745419,
        "stop" : 1717765758551,
        "duration" : 13132
      },
      "status" : "broken",
      "statusMessage" : "selenium.common.exceptions.TimeoutException: Message: \n\n",
      "statusTrace" : "  File \"/usr/local/lib/python3.12/site-packages/allure_commons/_allure.py\", line 192, in impl\n    return func(*a, **kw)\n           ^^^^^^^^^^^^^^\n  File \"/usr/workspace/pages/personal_page.py\", line 31, in is_changes_saved\n    self.wait.until(EC.text_to_be_present_in_element_value(self.FIRST_NAME_FIELD, self.name))\n  File \"/usr/local/lib/python3.12/site-packages/selenium/webdriver/support/wait.py\", line 105, in until\n    raise TimeoutException(message, screen, stacktrace)\n",
      "steps" : [ ],
      "attachments" : [ ],
      "parameters" : [ ],
      "attachmentsCount" : 0,
      "shouldDisplayMessage" : true,
      "stepsCount" : 0,
      "hasContent" : true
    } ],
    "attachments" : [ ],
    "parameters" : [ ],
    "attachmentsCount" : 0,
    "shouldDisplayMessage" : true,
    "stepsCount" : 10,
    "hasContent" : true
  },
  "afterStages" : [ {
    "name" : "driver::0",
    "time" : {
      "start" : 1717765758581,
      "stop" : 1717765758668,
      "duration" : 87
    },
    "status" : "passed",
    "steps" : [ ],
    "attachments" : [ ],
    "parameters" : [ ],
    "attachmentsCount" : 0,
    "shouldDisplayMessage" : false,
    "stepsCount" : 0,
    "hasContent" : false
  } ],
  "labels" : [ {
    "name" : "severity",
    "value" : "Critical"
  }, {
    "name" : "feature",
    "value" : "Profile Functionality"
  }, {
    "name" : "tag",
    "value" : "smoke"
  }, {
    "name" : "parentSuite",
    "value" : "tests"
  }, {
    "name" : "suite",
    "value" : "feature_profile_test"
  }, {
    "name" : "subSuite",
    "value" : "TestProfileFeature"
  }, {
    "name" : "host",
    "value" : "94b7c8622909"
  }, {
    "name" : "thread",
    "value" : "1-MainThread"
  }, {
    "name" : "framework",
    "value" : "pytest"
  }, {
    "name" : "language",
    "value" : "cpython3"
  }, {
    "name" : "package",
    "value" : "tests.feature_profile_test"
  }, {
    "name" : "resultFormat",
    "value" : "allure2"
  } ],
  "parameters" : [ ],
  "links" : [ ],
  "hidden" : false,
  "retry" : false,
  "extra" : {
    "severity" : "critical",
    "retries" : [ ],
    "categories" : [ {
      "name" : "Test defects",
      "matchedStatuses" : [ ],
      "flaky" : false
    } ],
    "tags" : [ "smoke" ]
  },
  "source" : "31fbabefb562db3c.json",
  "parameterValues" : [ ]
}